Analysis & Synthesis report for Altera
Sat Apr 11 15:21:09 2020
Quartus II 64-Bit Version 13.0.1 Build 232 06/12/2013 Service Pack 1 SJ Web Edition


---------------------
; Table of Contents ;
---------------------
  1. Legal Notice
  2. Analysis & Synthesis Summary
  3. Analysis & Synthesis Settings
  4. Parallel Compilation
  5. Parameter Settings for User Entity Instance: myRam:inst15
  6. Analysis & Synthesis Messages



----------------
; Legal Notice ;
----------------
Copyright (C) 1991-2013 Altera Corporation
Your use of Altera Corporation's design tools, logic functions 
and other software and tools, and its AMPP partner logic 
functions, and any output files from any of the foregoing 
(including device programming or simulation files), and any 
associated documentation or information are expressly subject 
to the terms and conditions of the Altera Program License 
Subscription Agreement, Altera MegaCore Function License 
Agreement, or other applicable license agreement, including, 
without limitation, that your use is for the sole purpose of 
programming logic devices manufactured by Altera and sold by 
Altera or its authorized distributors.  Please refer to the 
applicable agreement for further details.



+--------------------------------------------------------------------------------------+
; Analysis & Synthesis Summary                                                         ;
+------------------------------------+-------------------------------------------------+
; Analysis & Synthesis Status        ; Failed - Sat Apr 11 15:21:09 2020               ;
; Quartus II 64-Bit Version          ; 13.0.1 Build 232 06/12/2013 SP 1 SJ Web Edition ;
; Revision Name                      ; Altera                                          ;
; Top-level Entity Name              ; ALL                                             ;
; Family                             ; Cyclone II                                      ;
; Total logic elements               ; N/A until Partition Merge                       ;
;     Total combinational functions  ; N/A until Partition Merge                       ;
;     Dedicated logic registers      ; N/A until Partition Merge                       ;
; Total registers                    ; N/A until Partition Merge                       ;
; Total pins                         ; N/A until Partition Merge                       ;
; Total virtual pins                 ; N/A until Partition Merge                       ;
; Total memory bits                  ; N/A until Partition Merge                       ;
; Embedded Multiplier 9-bit elements ; N/A until Partition Merge                       ;
; Total PLLs                         ; N/A until Partition Merge                       ;
+------------------------------------+-------------------------------------------------+


+----------------------------------------------------------------------------------------------------------------------+
; Analysis & Synthesis Settings                                                                                        ;
+----------------------------------------------------------------------------+--------------------+--------------------+
; Option                                                                     ; Setting            ; Default Value      ;
+----------------------------------------------------------------------------+--------------------+--------------------+
; Device                                                                     ; EP2C35F672C6       ;                    ;
; Top-level entity name                                                      ; ALL                ; Altera             ;
; Family name                                                                ; Cyclone II         ; Cyclone IV GX      ;
; Use smart compilation                                                      ; Off                ; Off                ;
; Enable parallel Assembler and TimeQuest Timing Analyzer during compilation ; On                 ; On                 ;
; Enable compact report table                                                ; Off                ; Off                ;
; Restructure Multiplexers                                                   ; Auto               ; Auto               ;
; Create Debugging Nodes for IP Cores                                        ; Off                ; Off                ;
; Preserve fewer node names                                                  ; On                 ; On                 ;
; Disable OpenCore Plus hardware evaluation                                  ; Off                ; Off                ;
; Verilog Version                                                            ; Verilog_2001       ; Verilog_2001       ;
; VHDL Version                                                               ; VHDL_1993          ; VHDL_1993          ;
; State Machine Processing                                                   ; Auto               ; Auto               ;
; Safe State Machine                                                         ; Off                ; Off                ;
; Extract Verilog State Machines                                             ; On                 ; On                 ;
; Extract VHDL State Machines                                                ; On                 ; On                 ;
; Ignore Verilog initial constructs                                          ; Off                ; Off                ;
; Iteration limit for constant Verilog loops                                 ; 5000               ; 5000               ;
; Iteration limit for non-constant Verilog loops                             ; 250                ; 250                ;
; Add Pass-Through Logic to Inferred RAMs                                    ; On                 ; On                 ;
; Infer RAMs from Raw Logic                                                  ; On                 ; On                 ;
; Parallel Synthesis                                                         ; On                 ; On                 ;
; DSP Block Balancing                                                        ; Auto               ; Auto               ;
; NOT Gate Push-Back                                                         ; On                 ; On                 ;
; Power-Up Don't Care                                                        ; On                 ; On                 ;
; Remove Redundant Logic Cells                                               ; Off                ; Off                ;
; Remove Duplicate Registers                                                 ; On                 ; On                 ;
; Ignore CARRY Buffers                                                       ; Off                ; Off                ;
; Ignore CASCADE Buffers                                                     ; Off                ; Off                ;
; Ignore GLOBAL Buffers                                                      ; Off                ; Off                ;
; Ignore ROW GLOBAL Buffers                                                  ; Off                ; Off                ;
; Ignore LCELL Buffers                                                       ; Off                ; Off                ;
; Ignore SOFT Buffers                                                        ; On                 ; On                 ;
; Limit AHDL Integers to 32 Bits                                             ; Off                ; Off                ;
; Optimization Technique                                                     ; Balanced           ; Balanced           ;
; Carry Chain Length                                                         ; 70                 ; 70                 ;
; Auto Carry Chains                                                          ; On                 ; On                 ;
; Auto Open-Drain Pins                                                       ; On                 ; On                 ;
; Perform WYSIWYG Primitive Resynthesis                                      ; Off                ; Off                ;
; Auto ROM Replacement                                                       ; On                 ; On                 ;
; Auto RAM Replacement                                                       ; On                 ; On                 ;
; Auto Shift Register Replacement                                            ; Auto               ; Auto               ;
; Allow Shift Register Merging across Hierarchies                            ; Auto               ; Auto               ;
; Auto Clock Enable Replacement                                              ; On                 ; On                 ;
; Strict RAM Replacement                                                     ; Off                ; Off                ;
; Allow Synchronous Control Signals                                          ; On                 ; On                 ;
; Force Use of Synchronous Clear Signals                                     ; Off                ; Off                ;
; Auto RAM to Logic Cell Conversion                                          ; Off                ; Off                ;
; Auto Resource Sharing                                                      ; Off                ; Off                ;
; Allow Any RAM Size For Recognition                                         ; Off                ; Off                ;
; Allow Any ROM Size For Recognition                                         ; Off                ; Off                ;
; Allow Any Shift Register Size For Recognition                              ; Off                ; Off                ;
; Use LogicLock Constraints during Resource Balancing                        ; On                 ; On                 ;
; Ignore translate_off and synthesis_off directives                          ; Off                ; Off                ;
; Timing-Driven Synthesis                                                    ; Off                ; Off                ;
; Report Parameter Settings                                                  ; On                 ; On                 ;
; Report Source Assignments                                                  ; On                 ; On                 ;
; Report Connectivity Checks                                                 ; On                 ; On                 ;
; Ignore Maximum Fan-Out Assignments                                         ; Off                ; Off                ;
; Synchronization Register Chain Length                                      ; 2                  ; 2                  ;
; PowerPlay Power Optimization                                               ; Normal compilation ; Normal compilation ;
; HDL message level                                                          ; Level2             ; Level2             ;
; Suppress Register Optimization Related Messages                            ; Off                ; Off                ;
; Number of Removed Registers Reported in Synthesis Report                   ; 5000               ; 5000               ;
; Number of Swept Nodes Reported in Synthesis Report                         ; 5000               ; 5000               ;
; Number of Inverted Registers Reported in Synthesis Report                  ; 100                ; 100                ;
; Clock MUX Protection                                                       ; On                 ; On                 ;
; Auto Gated Clock Conversion                                                ; Off                ; Off                ;
; Block Design Naming                                                        ; Auto               ; Auto               ;
; SDC constraint protection                                                  ; Off                ; Off                ;
; Synthesis Effort                                                           ; Auto               ; Auto               ;
; Shift Register Replacement - Allow Asynchronous Clear Signal               ; On                 ; On                 ;
; Pre-Mapping Resynthesis Optimization                                       ; Off                ; Off                ;
; Analysis & Synthesis Message Level                                         ; Medium             ; Medium             ;
; Disable Register Merging Across Hierarchies                                ; Auto               ; Auto               ;
; Resource Aware Inference For Block RAM                                     ; On                 ; On                 ;
; Synthesis Seed                                                             ; 1                  ; 1                  ;
+----------------------------------------------------------------------------+--------------------+--------------------+


Parallel compilation was disabled, but you have multiple processors available. Enable parallel compilation to reduce compilation time.
+-------------------------------------+
; Parallel Compilation                ;
+----------------------------+--------+
; Processors                 ; Number ;
+----------------------------+--------+
; Number detected on machine ; 8      ;
; Maximum allowed            ; 1      ;
+----------------------------+--------+


+-----------------------------------------------------------+
; Parameter Settings for User Entity Instance: myRam:inst15 ;
+------------------+-------+--------------------------------+
; Parameter Name   ; Value ; Type                           ;
+------------------+-------+--------------------------------+
; numofaddressbits ; 8     ; Signed Integer                 ;
+------------------+-------+--------------------------------+
Note: In order to hide this table in the UI and the text report file, please set the "Show Parameter Settings in Synthesis Report" option in "Analysis and Synthesis Settings -> More Settings" to "Off".


+-------------------------------+
; Analysis & Synthesis Messages ;
+-------------------------------+
Info: *******************************************************************
Info: Running Quartus II 64-Bit Analysis & Synthesis
    Info: Version 13.0.1 Build 232 06/12/2013 Service Pack 1 SJ Web Edition
    Info: Processing started: Sat Apr 11 15:21:04 2020
Info: Command: quartus_map --read_settings_files=on --write_settings_files=off Altera -c Altera
Warning (20028): Parallel compilation is not licensed and has been disabled
Info (12021): Found 2 design units, including 1 entities, in source file myram.vhd
    Info (12022): Found design unit 1: myRAM-arch_myRAM
    Info (12023): Found entity 1: myRam
Info (12021): Found 2 design units, including 1 entities, in source file rx.vhd
    Info (12022): Found design unit 1: RX-atch_RX
    Info (12023): Found entity 1: RX
Info (12021): Found 2 design units, including 1 entities, in source file tx.vhd
    Info (12022): Found design unit 1: TX-arch_TX
    Info (12023): Found entity 1: TX
Info (12021): Found 2 design units, including 1 entities, in source file uart.vhd
    Info (12022): Found design unit 1: UART-MAIN
    Info (12023): Found entity 1: UART
Info (12021): Found 1 design units, including 1 entities, in source file all.bdf
    Info (12023): Found entity 1: ALL
Info (12021): Found 2 design units, including 1 entities, in source file video_pll.vhd
    Info (12022): Found design unit 1: video_pll-SYN
    Info (12023): Found entity 1: video_PLL
Info (12021): Found 2 design units, including 1 entities, in source file vga_sync.vhd
    Info (12022): Found design unit 1: VGA_SYNC-a
    Info (12023): Found entity 1: VGA_SYNC
Info (12021): Found 2 design units, including 1 entities, in source file writer.vhd
    Info (12022): Found design unit 1: Writer-arch_Writer
    Info (12023): Found entity 1: Writer
Info (12021): Found 2 design units, including 1 entities, in source file main.vhd
    Info (12022): Found design unit 1: main-arch_main
    Info (12023): Found entity 1: main
Info (12021): Found 2 design units, including 1 entities, in source file keyboard.vhd
    Info (12022): Found design unit 1: keyboard-arch_keyboard
    Info (12023): Found entity 1: keyboard
Info (12127): Elaborating entity "ALL" for the top level hierarchy
Info (12128): Elaborating entity "UART" for hierarchy "UART:inst"
Info (12128): Elaborating entity "TX" for hierarchy "UART:inst|TX:C1"
Info (12128): Elaborating entity "RX" for hierarchy "UART:inst|RX:C2"
Info (12128): Elaborating entity "Writer" for hierarchy "Writer:inst3"
Warning (10631): VHDL Process Statement warning at Writer.vhd(27): inferring latch(es) for signal or variable "W_ADDRESS", which holds its previous value in one or more paths through the process
Warning (10631): VHDL Process Statement warning at Writer.vhd(27): inferring latch(es) for signal or variable "UART_OUT", which holds its previous value in one or more paths through the process
Info (10041): Inferred latch for "UART_OUT[0]" at Writer.vhd(27)
Info (10041): Inferred latch for "UART_OUT[1]" at Writer.vhd(27)
Info (10041): Inferred latch for "UART_OUT[2]" at Writer.vhd(27)
Info (10041): Inferred latch for "UART_OUT[3]" at Writer.vhd(27)
Info (10041): Inferred latch for "UART_OUT[4]" at Writer.vhd(27)
Info (10041): Inferred latch for "UART_OUT[5]" at Writer.vhd(27)
Info (10041): Inferred latch for "UART_OUT[6]" at Writer.vhd(27)
Info (10041): Inferred latch for "UART_OUT[7]" at Writer.vhd(27)
Info (10041): Inferred latch for "W_ADDRESS[0]" at Writer.vhd(27)
Info (10041): Inferred latch for "W_ADDRESS[1]" at Writer.vhd(27)
Info (10041): Inferred latch for "W_ADDRESS[2]" at Writer.vhd(27)
Info (10041): Inferred latch for "W_ADDRESS[3]" at Writer.vhd(27)
Info (10041): Inferred latch for "W_ADDRESS[4]" at Writer.vhd(27)
Info (10041): Inferred latch for "W_ADDRESS[5]" at Writer.vhd(27)
Info (10041): Inferred latch for "W_ADDRESS[6]" at Writer.vhd(27)
Info (10041): Inferred latch for "W_ADDRESS[7]" at Writer.vhd(27)
Info (12128): Elaborating entity "VGA_SYNC" for hierarchy "VGA_SYNC:inst2"
Info (12128): Elaborating entity "main" for hierarchy "main:inst10"
Info (12128): Elaborating entity "myRam" for hierarchy "myRam:inst15"
Info (12128): Elaborating entity "keyboard" for hierarchy "keyboard:inst1"
Warning (10036): Verilog HDL or VHDL warning at keyboard.vhd(14): object "ready_set" assigned a value but never read
Error (12002): Port "blue" does not exist in macrofunction "inst2"
Error (12002): Port "blue_out" does not exist in macrofunction "inst2"
Error (12002): Port "clock_50Mhz" does not exist in macrofunction "inst2"
Error (12002): Port "green" does not exist in macrofunction "inst2"
Error (12002): Port "green_out" does not exist in macrofunction "inst2"
Error (12002): Port "horiz_sync_out" does not exist in macrofunction "inst2"
Error (12002): Port "pixel_clock" does not exist in macrofunction "inst2"
Error (12002): Port "pixel_column[0]" does not exist in macrofunction "inst2"
Error (12002): Port "pixel_column[1]" does not exist in macrofunction "inst2"
Error (12002): Port "pixel_column[2]" does not exist in macrofunction "inst2"
Error (12002): Port "pixel_column[3]" does not exist in macrofunction "inst2"
Error (12002): Port "pixel_column[4]" does not exist in macrofunction "inst2"
Error (12002): Port "pixel_column[5]" does not exist in macrofunction "inst2"
Error (12002): Port "pixel_column[6]" does not exist in macrofunction "inst2"
Error (12002): Port "pixel_column[7]" does not exist in macrofunction "inst2"
Error (12002): Port "pixel_column[8]" does not exist in macrofunction "inst2"
Error (12002): Port "pixel_column[9]" does not exist in macrofunction "inst2"
Error (12002): Port "pixel_row[0]" does not exist in macrofunction "inst2"
Error (12002): Port "pixel_row[1]" does not exist in macrofunction "inst2"
Error (12002): Port "pixel_row[2]" does not exist in macrofunction "inst2"
Error (12002): Port "pixel_row[3]" does not exist in macrofunction "inst2"
Error (12002): Port "pixel_row[4]" does not exist in macrofunction "inst2"
Error (12002): Port "pixel_row[5]" does not exist in macrofunction "inst2"
Error (12002): Port "pixel_row[6]" does not exist in macrofunction "inst2"
Error (12002): Port "pixel_row[7]" does not exist in macrofunction "inst2"
Error (12002): Port "pixel_row[8]" does not exist in macrofunction "inst2"
Error (12002): Port "pixel_row[9]" does not exist in macrofunction "inst2"
Error (12002): Port "red" does not exist in macrofunction "inst2"
Error (12002): Port "red_out" does not exist in macrofunction "inst2"
Error (12002): Port "vert_sync_out" does not exist in macrofunction "inst2"
Error (12002): Port "video_on" does not exist in macrofunction "inst2"
Error: Quartus II 64-Bit Analysis & Synthesis was unsuccessful. 31 errors, 4 warnings
    Error: Peak virtual memory: 4641 megabytes
    Error: Processing ended: Sat Apr 11 15:21:09 2020
    Error: Elapsed time: 00:00:05
    Error: Total CPU time (on all processors): 00:00:02


